C:\USERS\ALEK\DOCUMENTS\GITHUB\SGP4-MICROSOFT-VISUAL-STUDIO-CONVERSION\ALEK'S WRAPPER IMPLEMENTATION\DEBUG\MAIN.OBJ
C:\USERS\ALEK\DOCUMENTS\GITHUB\SGP4-MICROSOFT-VISUAL-STUDIO-CONVERSION\ALEK'S WRAPPER IMPLEMENTATION\DEBUG\SGP4EXT.OBJ
C:\USERS\ALEK\DOCUMENTS\GITHUB\SGP4-MICROSOFT-VISUAL-STUDIO-CONVERSION\ALEK'S WRAPPER IMPLEMENTATION\DEBUG\SGP4UNIT.OBJ
C:\USERS\ALEK\DOCUMENTS\GITHUB\SGP4-MICROSOFT-VISUAL-STUDIO-CONVERSION\ALEK'S WRAPPER IMPLEMENTATION\DEBUG\SPACEOBJECT.OBJ
C:\USERS\ALEK\DOCUMENTS\GITHUB\SGP4-MICROSOFT-VISUAL-STUDIO-CONVERSION\ALEK'S WRAPPER IMPLEMENTATION\DEBUG\VECTOROPERATIONS.OBJ
C:\USERS\ALEK\DOCUMENTS\GITHUB\SGP4-MICROSOFT-VISUAL-STUDIO-CONVERSION\ALEK'S WRAPPER IMPLEMENTATION\DEBUG\VC110.PDB
C:\USERS\ALEK\DOCUMENTS\GITHUB\SGP4-MICROSOFT-VISUAL-STUDIO-CONVERSION\ALEK'S WRAPPER IMPLEMENTATION\DEBUG\ALEK'S WRAPPER IMPLEMENTATION.ILK
C:\USERS\ALEK\DOCUMENTS\GITHUB\SGP4-MICROSOFT-VISUAL-STUDIO-CONVERSION\ALEK'S WRAPPER IMPLEMENTATION\DEBUG\ALEK'S WRAPPER IMPLEMENTATION.EXE
C:\USERS\ALEK\DOCUMENTS\GITHUB\SGP4-MICROSOFT-VISUAL-STUDIO-CONVERSION\ALEK'S WRAPPER IMPLEMENTATION\DEBUG\ALEK'S WRAPPER IMPLEMENTATION.PDB
C:\Users\Alek\Documents\GitHub\SGP4-Microsoft-Visual-Studio-Conversion\Alek's wrapper implementation\Debug\main.obj
C:\Users\Alek\Documents\GitHub\SGP4-Microsoft-Visual-Studio-Conversion\Alek's wrapper implementation\Debug\sgp4ext.obj
C:\Users\Alek\Documents\GitHub\SGP4-Microsoft-Visual-Studio-Conversion\Alek's wrapper implementation\Debug\sgp4unit.obj
C:\Users\Alek\Documents\GitHub\SGP4-Microsoft-Visual-Studio-Conversion\Alek's wrapper implementation\Debug\SpaceObject.obj
C:\Users\Alek\Documents\GitHub\SGP4-Microsoft-Visual-Studio-Conversion\Alek's wrapper implementation\Debug\VectorOperations.obj
C:\Users\Alek\Documents\GitHub\SGP4-Microsoft-Visual-Studio-Conversion\Alek's wrapper implementation\Debug\Alek's wrapper implementation.ilk
C:\Users\Alek\Documents\GitHub\SGP4-Microsoft-Visual-Studio-Conversion\Alek's wrapper implementation\Debug\cl.command.1.tlog
C:\Users\Alek\Documents\GitHub\SGP4-Microsoft-Visual-Studio-Conversion\Alek's wrapper implementation\Debug\CL.read.1.tlog
C:\Users\Alek\Documents\GitHub\SGP4-Microsoft-Visual-Studio-Conversion\Alek's wrapper implementation\Debug\CL.write.1.tlog
C:\Users\Alek\Documents\GitHub\SGP4-Microsoft-Visual-Studio-Conversion\Alek's wrapper implementation\Debug\link-cvtres.read.1.tlog
C:\Users\Alek\Documents\GitHub\SGP4-Microsoft-Visual-Studio-Conversion\Alek's wrapper implementation\Debug\link-cvtres.write.1.tlog
C:\Users\Alek\Documents\GitHub\SGP4-Microsoft-Visual-Studio-Conversion\Alek's wrapper implementation\Debug\link-rc.read.1.tlog
C:\Users\Alek\Documents\GitHub\SGP4-Microsoft-Visual-Studio-Conversion\Alek's wrapper implementation\Debug\link-rc.write.1.tlog
C:\Users\Alek\Documents\GitHub\SGP4-Microsoft-Visual-Studio-Conversion\Alek's wrapper implementation\Debug\link.command.1.tlog
C:\Users\Alek\Documents\GitHub\SGP4-Microsoft-Visual-Studio-Conversion\Alek's wrapper implementation\Debug\link.read.1.tlog
C:\Users\Alek\Documents\GitHub\SGP4-Microsoft-Visual-Studio-Conversion\Alek's wrapper implementation\Debug\link.write.1.tlog
C:\Users\Alek\Documents\GitHub\SGP4-Microsoft-Visual-Studio-Conversion\Alek's wrapper implementation\Debug\vc110.idb
C:\Users\Alek\Documents\GitHub\SGP4-Microsoft-Visual-Studio-Conversion\Alek's wrapper implementation\Debug\Alek's wrapper implementation.pdb
C:\Users\Alek\Documents\GitHub\SGP4-Microsoft-Visual-Studio-Conversion\Alek's wrapper implementation\Debug\vc110.pdb
C:\Users\Alek\Documents\GitHub\SGP4-Microsoft-Visual-Studio-Conversion\Alek's wrapper implementation\Debug\Alek's wrapper implementation.exe
